# JRE version: OpenJDK Runtime Environment (8.0_212-b04) (build 1.8.0_212-release-1586-b04)
# Java VM: OpenJDK 64-Bit Server VM (25.212-b04 mixed mode windows-amd64 compressed oops)
Heap:
 PSYoungGen      total 386560K, used 322865K [0x00000000e0000000, 0x00000000ffd00000, 0x0000000100000000)
  eden space 252416K, 100% used [0x00000000e0000000,0x00000000ef680000,0x00000000ef680000)
  from space 134144K, 52% used [0x00000000ef680000,0x00000000f3b4c568,0x00000000f7980000)
  to   space 132608K, 49% used [0x00000000f7b80000,0x00000000fbb9e9a0,0x00000000ffd00000)
 ParOldGen       total 414720K, used 186479K [0x00000000a0000000, 0x00000000b9500000, 0x00000000e0000000)
  object space 414720K, 44% used [0x00000000a0000000,0x00000000ab61bd48,0x00000000b9500000)
 Metaspace       used 377460K, capacity 401970K, committed 402264K, reserved 1398784K
  class space    used 49161K, capacity 53744K, committed 53888K, reserved 1048576K
GC Heap History (10 events):
Event: 1794.149 GC heap after
Heap after GC invocations=83 (full 7):
 PSYoungGen      total 385024K, used 14933K [0x00000000e0000000, 0x00000000ffe00000, 0x0000000100000000)
  eden space 248832K, 0% used [0x00000000e0000000,0x00000000e0000000,0x00000000ef300000)
  from space 136192K, 10% used [0x00000000f7900000,0x00000000f8795478,0x00000000ffe00000)
  to   space 136704K, 0% used [0x00000000ef300000,0x00000000ef300000,0x00000000f7880000)
 ParOldGen       total 426496K, used 407455K [0x00000000a0000000, 0x00000000ba080000, 0x00000000e0000000)
  object space 426496K, 95% used [0x00000000a0000000,0x00000000b8de7f28,0x00000000ba080000)
 Metaspace       used 361150K, capacity 384158K, committed 384472K, reserved 1382400K
  class space    used 46961K, capacity 51353K, committed 51456K, reserved 1048576K
}
Event: 1794.149 GC heap before
{Heap before GC invocations=84 (full 8):
 PSYoungGen      total 385024K, used 14933K [0x00000000e0000000, 0x00000000ffe00000, 0x0000000100000000)
  eden space 248832K, 0% used [0x00000000e0000000,0x00000000e0000000,0x00000000ef300000)
  from space 136192K, 10% used [0x00000000f7900000,0x00000000f8795478,0x00000000ffe00000)
  to   space 136704K, 0% used [0x00000000ef300000,0x00000000ef300000,0x00000000f7880000)
 ParOldGen       total 426496K, used 407455K [0x00000000a0000000, 0x00000000ba080000, 0x00000000e0000000)
  object space 426496K, 95% used [0x00000000a0000000,0x00000000b8de7f28,0x00000000ba080000)
 Metaspace       used 361150K, capacity 384158K, committed 384472K, reserved 1382400K
  class space    used 46961K, capacity 51353K, committed 51456K, reserved 1048576K
Event: 1795.404 GC heap after
Heap after GC invocations=84 (full 8):
 PSYoungGen      total 385024K, used 0K [0x00000000e0000000, 0x00000000ffe00000, 0x0000000100000000)
  eden space 248832K, 0% used [0x00000000e0000000,0x00000000e0000000,0x00000000ef300000)
  from space 136192K, 0% used [0x00000000f7900000,0x00000000f7900000,0x00000000ffe00000)
  to   space 136704K, 0% used [0x00000000ef300000,0x00000000ef300000,0x00000000f7880000)
 ParOldGen       total 414720K, used 160037K [0x00000000a0000000, 0x00000000b9500000, 0x00000000e0000000)
  object space 414720K, 38% used [0x00000000a0000000,0x00000000a9c49430,0x00000000b9500000)
 Metaspace       used 359207K, capacity 381442K, committed 384472K, reserved 1382400K
  class space    used 46673K, capacity 50888K, committed 51456K, reserved 1048576K
}
Event: 1798.396 GC heap before
{Heap before GC invocations=85 (full 8):
 PSYoungGen      total 385024K, used 248832K [0x00000000e0000000, 0x00000000ffe00000, 0x0000000100000000)
  eden space 248832K, 100% used [0x00000000e0000000,0x00000000ef300000,0x00000000ef300000)
  from space 136192K, 0% used [0x00000000f7900000,0x00000000f7900000,0x00000000ffe00000)
  to   space 136704K, 0% used [0x00000000ef300000,0x00000000ef300000,0x00000000f7880000)
 ParOldGen       total 414720K, used 160037K [0x00000000a0000000, 0x00000000b9500000, 0x00000000e0000000)
  object space 414720K, 38% used [0x00000000a0000000,0x00000000a9c49430,0x00000000b9500000)
 Metaspace       used 359208K, capacity 381442K, committed 384472K, reserved 1382400K
  class space    used 46674K, capacity 50888K, committed 51456K, reserved 1048576K
Event: 1798.544 GC heap after
Heap after GC invocations=85 (full 8):
 PSYoungGen      total 385536K, used 71233K [0x00000000e0000000, 0x00000000ffd80000, 0x0000000100000000)
  eden space 248832K, 0% used [0x00000000e0000000,0x00000000e0000000,0x00000000ef300000)
  from space 136704K, 52% used [0x00000000ef300000,0x00000000f38905a8,0x00000000f7880000)
  to   space 135168K, 0% used [0x00000000f7980000,0x00000000f7980000,0x00000000ffd80000)
 ParOldGen       total 414720K, used 160037K [0x00000000a0000000, 0x00000000b9500000, 0x00000000e0000000)
  object space 414720K, 38% used [0x00000000a0000000,0x00000000a9c49430,0x00000000b9500000)
 Metaspace       used 359208K, capacity 381442K, committed 384472K, reserved 1382400K
  class space    used 46674K, capacity 50888K, committed 51456K, reserved 1048576K
}
Event: 1908.333 GC heap before
{Heap before GC invocations=86 (full 8):
 PSYoungGen      total 385536K, used 320065K [0x00000000e0000000, 0x00000000ffd80000, 0x0000000100000000)
  eden space 248832K, 100% used [0x00000000e0000000,0x00000000ef300000,0x00000000ef300000)
  from space 136704K, 52% used [0x00000000ef300000,0x00000000f38905a8,0x00000000f7880000)
  to   space 135168K, 0% used [0x00000000f7980000,0x00000000f7980000,0x00000000ffd80000)
 ParOldGen       total 414720K, used 160037K [0x00000000a0000000, 0x00000000b9500000, 0x00000000e0000000)
  object space 414720K, 38% used [0x00000000a0000000,0x00000000a9c49430,0x00000000b9500000)
 Metaspace       used 359972K, capacity 383354K, committed 384728K, reserved 1382400K
  class space    used 46840K, capacity 51196K, committed 51456K, reserved 1048576K
Event: 1908.455 GC heap after
Heap after GC invocations=86 (full 8):
 PSYoungGen      total 386560K, used 14738K [0x00000000e0000000, 0x00000000ffc80000, 0x0000000100000000)
  eden space 252416K, 0% used [0x00000000e0000000,0x00000000e0000000,0x00000000ef680000)
  from space 134144K, 10% used [0x00000000f7980000,0x00000000f87e4b58,0x00000000ffc80000)
  to   space 134144K, 0% used [0x00000000ef680000,0x00000000ef680000,0x00000000f7980000)
 ParOldGen       total 414720K, used 167925K [0x00000000a0000000, 0x00000000b9500000, 0x00000000e0000000)
  object space 414720K, 40% used [0x00000000a0000000,0x00000000aa3fd4e0,0x00000000b9500000)
 Metaspace       used 359972K, capacity 383354K, committed 384728K, reserved 1382400K
  class space    used 46840K, capacity 51196K, committed 51456K, reserved 1048576K
}
Event: 1913.228 GC heap before
{Heap before GC invocations=87 (full 8):
 PSYoungGen      total 386560K, used 267154K [0x00000000e0000000, 0x00000000ffc80000, 0x0000000100000000)
  eden space 252416K, 100% used [0x00000000e0000000,0x00000000ef680000,0x00000000ef680000)
  from space 134144K, 10% used [0x00000000f7980000,0x00000000f87e4b58,0x00000000ffc80000)
  to   space 134144K, 0% used [0x00000000ef680000,0x00000000ef680000,0x00000000f7980000)
 ParOldGen       total 414720K, used 167925K [0x00000000a0000000, 0x00000000b9500000, 0x00000000e0000000)
  object space 414720K, 40% used [0x00000000a0000000,0x00000000aa3fd4e0,0x00000000b9500000)
 Metaspace       used 371585K, capacity 395438K, committed 395736K, reserved 1392640K
  class space    used 48388K, capacity 52858K, committed 52992K, reserved 1048576K
Event: 1913.366 GC heap after
Heap after GC invocations=87 (full 8):
 PSYoungGen      total 386560K, used 70449K [0x00000000e0000000, 0x00000000ffd00000, 0x0000000100000000)
  eden space 252416K, 0% used [0x00000000e0000000,0x00000000e0000000,0x00000000ef680000)
  from space 134144K, 52% used [0x00000000ef680000,0x00000000f3b4c568,0x00000000f7980000)
  to   space 132608K, 0% used [0x00000000f7b80000,0x00000000f7b80000,0x00000000ffd00000)
 ParOldGen       total 414720K, used 174521K [0x00000000a0000000, 0x00000000b9500000, 0x00000000e0000000)
  object space 414720K, 42% used [0x00000000a0000000,0x00000000aaa6e790,0x00000000b9500000)
 Metaspace       used 371585K, capacity 395438K, committed 395736K, reserved 1392640K
  class space    used 48388K, capacity 52858K, committed 52992K, reserved 1048576K
}
Event: 1917.392 GC heap before
{Heap before GC invocations=88 (full 8):
 PSYoungGen      total 386560K, used 322865K [0x00000000e0000000, 0x00000000ffd00000, 0x0000000100000000)
  eden space 252416K, 100% used [0x00000000e0000000,0x00000000ef680000,0x00000000ef680000)
  from space 134144K, 52% used [0x00000000ef680000,0x00000000f3b4c568,0x00000000f7980000)
  to   space 132608K, 0% used [0x00000000f7b80000,0x00000000f7b80000,0x00000000ffd00000)
 ParOldGen       total 414720K, used 174521K [0x00000000a0000000, 0x00000000b9500000, 0x00000000e0000000)
  object space 414720K, 42% used [0x00000000a0000000,0x00000000aaa6e790,0x00000000b9500000)
 Metaspace       used 377460K, capacity 401970K, committed 402264K, reserved 1398784K
  class space    used 49161K, capacity 53744K, committed 53888K, reserved 1048576K

