# JRE version: OpenJDK Runtime Environment (8.0_242-b01) (build 1.8.0_242-release-1644-b01)
# Java VM: OpenJDK 64-Bit Server VM (25.242-b01 mixed mode windows-amd64 compressed oops)
Heap:
 PSYoungGen      total 274432K, used 6564K [0x00000000e0000000, 0x00000000f4280000, 0x0000000100000000)
  eden space 267776K, 0% used [0x00000000e0000000,0x00000000e0000000,0x00000000f0580000)
  from space 6656K, 98% used [0x00000000f0580000,0x00000000f0be9128,0x00000000f0c00000)
  to   space 31232K, 0% used [0x00000000f2400000,0x00000000f2400000,0x00000000f4280000)
 ParOldGen       total 116224K, used 71639K [0x00000000a0000000, 0x00000000a7180000, 0x00000000e0000000)
  object space 116224K, 61% used [0x00000000a0000000,0x00000000a45f5e88,0x00000000a7180000)
 Metaspace       used 89799K, capacity 94277K, committed 94384K, reserved 1130496K
  class space    used 11750K, capacity 12614K, committed 12720K, reserved 1048576K
GC Heap History (10 events):
Event: 44.799 GC heap after
Heap after GC invocations=16 (full 3):
 PSYoungGen      total 196608K, used 14663K [0x00000000e0000000, 0x00000000f0380000, 0x0000000100000000)
  eden space 179200K, 0% used [0x00000000e0000000,0x00000000e0000000,0x00000000eaf00000)
  from space 17408K, 84% used [0x00000000eaf00000,0x00000000ebd51f70,0x00000000ec000000)
  to   space 18944K, 0% used [0x00000000ef100000,0x00000000ef100000,0x00000000f0380000)
 ParOldGen       total 116224K, used 33101K [0x00000000a0000000, 0x00000000a7180000, 0x00000000e0000000)
  object space 116224K, 28% used [0x00000000a0000000,0x00000000a2053608,0x00000000a7180000)
 Metaspace       used 65162K, capacity 67543K, committed 67760K, reserved 1107968K
  class space    used 8857K, capacity 9356K, committed 9392K, reserved 1048576K
}
Event: 52.271 GC heap before
{Heap before GC invocations=17 (full 3):
 PSYoungGen      total 196608K, used 193863K [0x00000000e0000000, 0x00000000f0380000, 0x0000000100000000)
  eden space 179200K, 100% used [0x00000000e0000000,0x00000000eaf00000,0x00000000eaf00000)
  from space 17408K, 84% used [0x00000000eaf00000,0x00000000ebd51f70,0x00000000ec000000)
  to   space 18944K, 0% used [0x00000000ef100000,0x00000000ef100000,0x00000000f0380000)
 ParOldGen       total 116224K, used 33101K [0x00000000a0000000, 0x00000000a7180000, 0x00000000e0000000)
  object space 116224K, 28% used [0x00000000a0000000,0x00000000a2053608,0x00000000a7180000)
 Metaspace       used 74131K, capacity 77247K, committed 77488K, reserved 1116160K
  class space    used 10059K, capacity 10644K, committed 10672K, reserved 1048576K
Event: 52.338 GC heap after
Heap after GC invocations=17 (full 3):
 PSYoungGen      total 241664K, used 18912K [0x00000000e0000000, 0x00000000f0c00000, 0x0000000100000000)
  eden space 222720K, 0% used [0x00000000e0000000,0x00000000e0000000,0x00000000ed980000)
  from space 18944K, 99% used [0x00000000ef100000,0x00000000f03783b8,0x00000000f0380000)
  to   space 24064K, 0% used [0x00000000ed980000,0x00000000ed980000,0x00000000ef100000)
 ParOldGen       total 116224K, used 39780K [0x00000000a0000000, 0x00000000a7180000, 0x00000000e0000000)
  object space 116224K, 34% used [0x00000000a0000000,0x00000000a26d9118,0x00000000a7180000)
 Metaspace       used 74131K, capacity 77247K, committed 77488K, reserved 1116160K
  class space    used 10059K, capacity 10644K, committed 10672K, reserved 1048576K
}
Event: 74.550 GC heap before
{Heap before GC invocations=18 (full 3):
 PSYoungGen      total 241664K, used 241632K [0x00000000e0000000, 0x00000000f0c00000, 0x0000000100000000)
  eden space 222720K, 100% used [0x00000000e0000000,0x00000000ed980000,0x00000000ed980000)
  from space 18944K, 99% used [0x00000000ef100000,0x00000000f03783b8,0x00000000f0380000)
  to   space 24064K, 0% used [0x00000000ed980000,0x00000000ed980000,0x00000000ef100000)
 ParOldGen       total 116224K, used 39780K [0x00000000a0000000, 0x00000000a7180000, 0x00000000e0000000)
  object space 116224K, 34% used [0x00000000a0000000,0x00000000a26d9118,0x00000000a7180000)
 Metaspace       used 84391K, capacity 87895K, committed 88240K, reserved 1126400K
  class space    used 11107K, capacity 11843K, committed 11952K, reserved 1048576K
Event: 74.650 GC heap after
Heap after GC invocations=18 (full 3):
 PSYoungGen      total 246784K, used 24037K [0x00000000e0000000, 0x00000000f4f00000, 0x0000000100000000)
  eden space 222720K, 0% used [0x00000000e0000000,0x00000000e0000000,0x00000000ed980000)
  from space 24064K, 99% used [0x00000000ed980000,0x00000000ef0f9688,0x00000000ef100000)
  to   space 33280K, 0% used [0x00000000f2e80000,0x00000000f2e80000,0x00000000f4f00000)
 ParOldGen       total 116224K, used 54580K [0x00000000a0000000, 0x00000000a7180000, 0x00000000e0000000)
  object space 116224K, 46% used [0x00000000a0000000,0x00000000a354d270,0x00000000a7180000)
 Metaspace       used 84391K, capacity 87895K, committed 88240K, reserved 1126400K
  class space    used 11107K, capacity 11843K, committed 11952K, reserved 1048576K
}
Event: 258.033 GC heap before
{Heap before GC invocations=19 (full 3):
 PSYoungGen      total 246784K, used 246757K [0x00000000e0000000, 0x00000000f4f00000, 0x0000000100000000)
  eden space 222720K, 100% used [0x00000000e0000000,0x00000000ed980000,0x00000000ed980000)
  from space 24064K, 99% used [0x00000000ed980000,0x00000000ef0f9688,0x00000000ef100000)
  to   space 33280K, 0% used [0x00000000f2e80000,0x00000000f2e80000,0x00000000f4f00000)
 ParOldGen       total 116224K, used 54580K [0x00000000a0000000, 0x00000000a7180000, 0x00000000e0000000)
  object space 116224K, 46% used [0x00000000a0000000,0x00000000a354d270,0x00000000a7180000)
 Metaspace       used 88396K, capacity 92551K, committed 92848K, reserved 1130496K
  class space    used 11575K, capacity 12425K, committed 12464K, reserved 1048576K
Event: 258.139 GC heap after
Heap after GC invocations=19 (full 3):
 PSYoungGen      total 290304K, used 8332K [0x00000000e0000000, 0x00000000f4480000, 0x0000000100000000)
  eden space 267776K, 0% used [0x00000000e0000000,0x00000000e0000000,0x00000000f0580000)
  from space 22528K, 36% used [0x00000000f2e80000,0x00000000f36a3340,0x00000000f4480000)
  to   space 32256K, 0% used [0x00000000f0580000,0x00000000f0580000,0x00000000f2500000)
 ParOldGen       total 116224K, used 71631K [0x00000000a0000000, 0x00000000a7180000, 0x00000000e0000000)
  object space 116224K, 61% used [0x00000000a0000000,0x00000000a45f3e88,0x00000000a7180000)
 Metaspace       used 88396K, capacity 92551K, committed 92848K, reserved 1130496K
  class space    used 11575K, capacity 12425K, committed 12464K, reserved 1048576K
}
Event: 302.764 GC heap before
{Heap before GC invocations=20 (full 3):
 PSYoungGen      total 290304K, used 251239K [0x00000000e0000000, 0x00000000f4480000, 0x0000000100000000)
  eden space 267776K, 90% used [0x00000000e0000000,0x00000000eed36a08,0x00000000f0580000)
  from space 22528K, 36% used [0x00000000f2e80000,0x00000000f36a3340,0x00000000f4480000)
  to   space 32256K, 0% used [0x00000000f0580000,0x00000000f0580000,0x00000000f2500000)
 ParOldGen       total 116224K, used 71631K [0x00000000a0000000, 0x00000000a7180000, 0x00000000e0000000)
  object space 116224K, 61% used [0x00000000a0000000,0x00000000a45f3e88,0x00000000a7180000)
 Metaspace       used 89799K, capacity 94277K, committed 94384K, reserved 1130496K
  class space    used 11750K, capacity 12614K, committed 12720K, reserved 1048576K
Event: 302.786 GC heap after
Heap after GC invocations=20 (full 3):
 PSYoungGen      total 274432K, used 6564K [0x00000000e0000000, 0x00000000f4280000, 0x0000000100000000)
  eden space 267776K, 0% used [0x00000000e0000000,0x00000000e0000000,0x00000000f0580000)
  from space 6656K, 98% used [0x00000000f0580000,0x00000000f0be9128,0x00000000f0c00000)
  to   space 31232K, 0% used [0x00000000f2400000,0x00000000f2400000,0x00000000f4280000)
 ParOldGen       total 116224K, used 71639K [0x00000000a0000000, 0x00000000a7180000, 0x00000000e0000000)
  object space 116224K, 61% used [0x00000000a0000000,0x00000000a45f5e88,0x00000000a7180000)
 Metaspace       used 89799K, capacity 94277K, committed 94384K, reserved 1130496K
  class space    used 11750K, capacity 12614K, committed 12720K, reserved 1048576K
}
Event: 302.786 GC heap before
{Heap before GC invocations=21 (full 4):
 PSYoungGen      total 274432K, used 6564K [0x00000000e0000000, 0x00000000f4280000, 0x0000000100000000)
  eden space 267776K, 0% used [0x00000000e0000000,0x00000000e0000000,0x00000000f0580000)
  from space 6656K, 98% used [0x00000000f0580000,0x00000000f0be9128,0x00000000f0c00000)
  to   space 31232K, 0% used [0x00000000f2400000,0x00000000f2400000,0x00000000f4280000)
 ParOldGen       total 116224K, used 71639K [0x00000000a0000000, 0x00000000a7180000, 0x00000000e0000000)
  object space 116224K, 61% used [0x00000000a0000000,0x00000000a45f5e88,0x00000000a7180000)
 Metaspace       used 89799K, capacity 94277K, committed 94384K, reserved 1130496K
  class space    used 11750K, capacity 12614K, committed 12720K, reserved 1048576K

