# JRE version: OpenJDK Runtime Environment (8.0_212-b04) (build 1.8.0_212-release-1586-b04)
# Java VM: OpenJDK 64-Bit Server VM (25.212-b04 mixed mode windows-amd64 compressed oops)
Heap:
 PSYoungGen      total 388608K, used 335209K [0x00000000e0000000, 0x0000000100000000, 0x0000000100000000)
  eden space 262656K, 100% used [0x00000000e0000000,0x00000000f0080000,0x00000000f0080000)
  from space 125952K, 57% used [0x00000000f7d80000,0x00000000fc45a688,0x00000000ff880000)
  to   space 128000K, 21% used [0x00000000f0080000,0x00000000f1b66fa8,0x00000000f7d80000)
 ParOldGen       total 430592K, used 189067K [0x00000000a0000000, 0x00000000ba480000, 0x00000000e0000000)
  object space 430592K, 43% used [0x00000000a0000000,0x00000000ab8a2dd0,0x00000000ba480000)
 Metaspace       used 324202K, capacity 345822K, committed 392320K, reserved 1388544K
  class space    used 41977K, capacity 45990K, committed 53376K, reserved 1048576K
GC Heap History (10 events):
Event: 29996.374 GC heap after
Heap after GC invocations=251 (full 21):
 PSYoungGen      total 379904K, used 22049K [0x00000000e0000000, 0x0000000100000000, 0x0000000100000000)
  eden space 242688K, 0% used [0x00000000e0000000,0x00000000e0000000,0x00000000eed00000)
  from space 137216K, 16% used [0x00000000f6e80000,0x00000000f8408780,0x00000000ff480000)
  to   space 132608K, 0% used [0x00000000eed00000,0x00000000eed00000,0x00000000f6e80000)
 ParOldGen       total 430592K, used 146458K [0x00000000a0000000, 0x00000000ba480000, 0x00000000e0000000)
  object space 430592K, 34% used [0x00000000a0000000,0x00000000a8f069e0,0x00000000ba480000)
 Metaspace       used 306591K, capacity 327046K, committed 392320K, reserved 1388544K
  class space    used 39644K, capacity 43430K, committed 53376K, reserved 1048576K
}
Event: 29998.837 GC heap before
{Heap before GC invocations=252 (full 21):
 PSYoungGen      total 379904K, used 264737K [0x00000000e0000000, 0x0000000100000000, 0x0000000100000000)
  eden space 242688K, 100% used [0x00000000e0000000,0x00000000eed00000,0x00000000eed00000)
  from space 137216K, 16% used [0x00000000f6e80000,0x00000000f8408780,0x00000000ff480000)
  to   space 132608K, 0% used [0x00000000eed00000,0x00000000eed00000,0x00000000f6e80000)
 ParOldGen       total 430592K, used 146458K [0x00000000a0000000, 0x00000000ba480000, 0x00000000e0000000)
  object space 430592K, 34% used [0x00000000a0000000,0x00000000a8f069e0,0x00000000ba480000)
 Metaspace       used 306620K, capacity 327052K, committed 392320K, reserved 1388544K
  class space    used 39647K, capacity 43431K, committed 53376K, reserved 1048576K
Event: 29999.104 GC heap after
Heap after GC invocations=252 (full 21):
 PSYoungGen      total 375296K, used 65250K [0x00000000e0000000, 0x00000000ff980000, 0x0000000100000000)
  eden space 242688K, 0% used [0x00000000e0000000,0x00000000e0000000,0x00000000eed00000)
  from space 132608K, 49% used [0x00000000eed00000,0x00000000f2cb8858,0x00000000f6e80000)
  to   space 131584K, 0% used [0x00000000f7900000,0x00000000f7900000,0x00000000ff980000)
 ParOldGen       total 430592K, used 158604K [0x00000000a0000000, 0x00000000ba480000, 0x00000000e0000000)
  object space 430592K, 36% used [0x00000000a0000000,0x00000000a9ae3038,0x00000000ba480000)
 Metaspace       used 306620K, capacity 327052K, committed 392320K, reserved 1388544K
  class space    used 39647K, capacity 43431K, committed 53376K, reserved 1048576K
}
Event: 30001.029 GC heap before
{Heap before GC invocations=253 (full 21):
 PSYoungGen      total 375296K, used 307938K [0x00000000e0000000, 0x00000000ff980000, 0x0000000100000000)
  eden space 242688K, 100% used [0x00000000e0000000,0x00000000eed00000,0x00000000eed00000)
  from space 132608K, 49% used [0x00000000eed00000,0x00000000f2cb8858,0x00000000f6e80000)
  to   space 131584K, 0% used [0x00000000f7900000,0x00000000f7900000,0x00000000ff980000)
 ParOldGen       total 430592K, used 158604K [0x00000000a0000000, 0x00000000ba480000, 0x00000000e0000000)
  object space 430592K, 36% used [0x00000000a0000000,0x00000000a9ae3038,0x00000000ba480000)
 Metaspace       used 306620K, capacity 327052K, committed 392320K, reserved 1388544K
  class space    used 39647K, capacity 43431K, committed 53376K, reserved 1048576K
Event: 30001.449 GC heap after
Heap after GC invocations=253 (full 21):
 PSYoungGen      total 388608K, used 61611K [0x00000000e0000000, 0x00000000ff900000, 0x0000000100000000)
  eden space 257536K, 0% used [0x00000000e0000000,0x00000000e0000000,0x00000000efb80000)
  from space 131072K, 47% used [0x00000000f7900000,0x00000000fb52ae50,0x00000000ff900000)
  to   space 128512K, 0% used [0x00000000efb80000,0x00000000efb80000,0x00000000f7900000)
 ParOldGen       total 430592K, used 171608K [0x00000000a0000000, 0x00000000ba480000, 0x00000000e0000000)
  object space 430592K, 39% used [0x00000000a0000000,0x00000000aa796070,0x00000000ba480000)
 Metaspace       used 306620K, capacity 327052K, committed 392320K, reserved 1388544K
  class space    used 39647K, capacity 43431K, committed 53376K, reserved 1048576K
}
Event: 30078.801 GC heap before
{Heap before GC invocations=254 (full 21):
 PSYoungGen      total 388608K, used 319147K [0x00000000e0000000, 0x00000000ff900000, 0x0000000100000000)
  eden space 257536K, 100% used [0x00000000e0000000,0x00000000efb80000,0x00000000efb80000)
  from space 131072K, 47% used [0x00000000f7900000,0x00000000fb52ae50,0x00000000ff900000)
  to   space 128512K, 0% used [0x00000000efb80000,0x00000000efb80000,0x00000000f7900000)
 ParOldGen       total 430592K, used 171608K [0x00000000a0000000, 0x00000000ba480000, 0x00000000e0000000)
  object space 430592K, 39% used [0x00000000a0000000,0x00000000aa796070,0x00000000ba480000)
 Metaspace       used 306729K, capacity 327180K, committed 392320K, reserved 1388544K
  class space    used 39657K, capacity 43439K, committed 53376K, reserved 1048576K
Event: 30078.829 GC heap after
Heap after GC invocations=254 (full 21):
 PSYoungGen      total 386048K, used 14858K [0x00000000e0000000, 0x00000000ff880000, 0x0000000100000000)
  eden space 257536K, 0% used [0x00000000e0000000,0x00000000e0000000,0x00000000efb80000)
  from space 128512K, 11% used [0x00000000efb80000,0x00000000f0a02958,0x00000000f7900000)
  to   space 125952K, 0% used [0x00000000f7d80000,0x00000000f7d80000,0x00000000ff880000)
 ParOldGen       total 430592K, used 171744K [0x00000000a0000000, 0x00000000ba480000, 0x00000000e0000000)
  object space 430592K, 39% used [0x00000000a0000000,0x00000000aa7b8070,0x00000000ba480000)
 Metaspace       used 306729K, capacity 327180K, committed 392320K, reserved 1388544K
  class space    used 39657K, capacity 43439K, committed 53376K, reserved 1048576K
}
Event: 30085.682 GC heap before
{Heap before GC invocations=255 (full 21):
 PSYoungGen      total 386048K, used 272394K [0x00000000e0000000, 0x00000000ff880000, 0x0000000100000000)
  eden space 257536K, 100% used [0x00000000e0000000,0x00000000efb80000,0x00000000efb80000)
  from space 128512K, 11% used [0x00000000efb80000,0x00000000f0a02958,0x00000000f7900000)
  to   space 125952K, 0% used [0x00000000f7d80000,0x00000000f7d80000,0x00000000ff880000)
 ParOldGen       total 430592K, used 171744K [0x00000000a0000000, 0x00000000ba480000, 0x00000000e0000000)
  object space 430592K, 39% used [0x00000000a0000000,0x00000000aa7b8070,0x00000000ba480000)
 Metaspace       used 318544K, capacity 339554K, committed 392320K, reserved 1388544K
  class space    used 41230K, capacity 45120K, committed 53376K, reserved 1048576K
Event: 30085.956 GC heap after
Heap after GC invocations=255 (full 21):
 PSYoungGen      total 388608K, used 72553K [0x00000000e0000000, 0x0000000100000000, 0x0000000100000000)
  eden space 262656K, 0% used [0x00000000e0000000,0x00000000e0000000,0x00000000f0080000)
  from space 125952K, 57% used [0x00000000f7d80000,0x00000000fc45a688,0x00000000ff880000)
  to   space 128000K, 0% used [0x00000000f0080000,0x00000000f0080000,0x00000000f7d80000)
 ParOldGen       total 430592K, used 178184K [0x00000000a0000000, 0x00000000ba480000, 0x00000000e0000000)
  object space 430592K, 41% used [0x00000000a0000000,0x00000000aae02330,0x00000000ba480000)
 Metaspace       used 318544K, capacity 339554K, committed 392320K, reserved 1388544K
  class space    used 41230K, capacity 45120K, committed 53376K, reserved 1048576K
}
Event: 30097.230 GC heap before
{Heap before GC invocations=256 (full 21):
 PSYoungGen      total 388608K, used 335209K [0x00000000e0000000, 0x0000000100000000, 0x0000000100000000)
  eden space 262656K, 100% used [0x00000000e0000000,0x00000000f0080000,0x00000000f0080000)
  from space 125952K, 57% used [0x00000000f7d80000,0x00000000fc45a688,0x00000000ff880000)
  to   space 128000K, 0% used [0x00000000f0080000,0x00000000f0080000,0x00000000f7d80000)
 ParOldGen       total 430592K, used 178184K [0x00000000a0000000, 0x00000000ba480000, 0x00000000e0000000)
  object space 430592K, 41% used [0x00000000a0000000,0x00000000aae02330,0x00000000ba480000)
 Metaspace       used 324202K, capacity 345822K, committed 392320K, reserved 1388544K
  class space    used 41977K, capacity 45990K, committed 53376K, reserved 1048576K

